<?xml version="1.0" encoding="UTF-8"?>
<!-- Generated by org.testng.reporters.JUnitReportReporter -->
<testsuite hostname="DESKTOP-84BRR16" failures="0" tests="1" name="orange_hrm.TestNgCheck" time="0.006" errors="0" timestamp="2024-04-16T02:30:28 IST" skipped="0">
  <testcase classname="orange_hrm.TestNgCheck" name="userLogin" time="0.006"/>
</testsuite> <!-- orange_hrm.TestNgCheck -->
