<?xml version="1.0" encoding="UTF-8"?>
<!-- Generated by org.testng.reporters.JUnitReportReporter -->
<testsuite hostname="DESKTOP-84BRR16" failures="0" tests="1" name="test_cases.LoginTest" time="26.453" errors="0" timestamp="2024-04-27T19:19:36 IST" skipped="0">
  <testcase classname="test_cases.LoginTest" name="checkLinkOnPage" time="26.453"/>
</testsuite> <!-- test_cases.LoginTest -->
